{
  "stats": {
    "suites": 1,
    "tests": 5,
    "passes": 5,
    "pending": 0,
    "failures": 0,
    "start": "2023-06-24T19:33:00.241Z",
    "end": "2023-06-24T19:33:19.047Z",
    "duration": 18806,
    "testsRegistered": 5,
    "passPercent": 100,
    "pendingPercent": 0,
    "other": 0,
    "hasOther": false,
    "skipped": 0,
    "hasSkipped": false
  },
  "results": [
    {
      "uuid": "f2feb4f7-1a41-4ed7-b7ba-175a9641a29a",
      "title": "",
      "fullFile": "cypress\\e2e\\login.cy.js",
      "file": "cypress\\e2e\\login.cy.js",
      "beforeHooks": [],
      "afterHooks": [],
      "tests": [],
      "suites": [
        {
          "uuid": "70c632f3-bd3b-4ab3-ac2e-7b797865776a",
          "title": "Cenário 01 - User Login + Navigation",
          "fullFile": "",
          "file": "",
          "beforeHooks": [],
          "afterHooks": [],
          "tests": [
            {
              "title": "Navegação para a aba About",
              "fullTitle": "Cenário 01 - User Login + Navigation Navegação para a aba About",
              "timedOut": null,
              "duration": 9904,
              "state": "passed",
              "speed": "medium",
              "pass": true,
              "fail": false,
              "pending": false,
              "context": null,
              "code": "cy.get('#react-burger-menu-btn').click();\ncy.get('#about_sidebar_link').click();",
              "err": {},
              "uuid": "65ec9276-dc16-47aa-aec5-ee1d83bdb7e9",
              "parentUUID": "70c632f3-bd3b-4ab3-ac2e-7b797865776a",
              "isHook": false,
              "skipped": false
            },
            {
              "title": "Navegação para a aba Logout",
              "fullTitle": "Cenário 01 - User Login + Navigation Navegação para a aba Logout",
              "timedOut": null,
              "duration": 2321,
              "state": "passed",
              "speed": "fast",
              "pass": true,
              "fail": false,
              "pending": false,
              "context": null,
              "code": "cy.get('#react-burger-menu-btn').click();\ncy.get('#logout_sidebar_link').click();",
              "err": {},
              "uuid": "d0e86e45-9a27-41d3-879d-dce0c79463f6",
              "parentUUID": "70c632f3-bd3b-4ab3-ac2e-7b797865776a",
              "isHook": false,
              "skipped": false
            },
            {
              "title": "Navegação para a aba Reset App State",
              "fullTitle": "Cenário 01 - User Login + Navigation Navegação para a aba Reset App State",
              "timedOut": null,
              "duration": 1425,
              "state": "passed",
              "speed": "fast",
              "pass": true,
              "fail": false,
              "pending": false,
              "context": null,
              "code": "cy.get('#react-burger-menu-btn').click();\ncy.get('#reset_sidebar_link').click();",
              "err": {},
              "uuid": "baa85f74-aa7f-4c8d-9458-92869451afbd",
              "parentUUID": "70c632f3-bd3b-4ab3-ac2e-7b797865776a",
              "isHook": false,
              "skipped": false
            },
            {
              "title": "Navegação para a aba All Items",
              "fullTitle": "Cenário 01 - User Login + Navigation Navegação para a aba All Items",
              "timedOut": null,
              "duration": 1964,
              "state": "passed",
              "speed": "fast",
              "pass": true,
              "fail": false,
              "pending": false,
              "context": null,
              "code": "cy.get('#react-burger-menu-btn').click();\ncy.get('#inventory_sidebar_link').click();",
              "err": {},
              "uuid": "4f20e7e5-1a4f-4d83-8198-44a5c12721f1",
              "parentUUID": "70c632f3-bd3b-4ab3-ac2e-7b797865776a",
              "isHook": false,
              "skipped": false
            },
            {
              "title": "Verificar elementos de navegação",
              "fullTitle": "Cenário 01 - User Login + Navigation Verificar elementos de navegação",
              "timedOut": null,
              "duration": 1919,
              "state": "passed",
              "speed": "fast",
              "pass": true,
              "fail": false,
              "pending": false,
              "context": null,
              "code": "cy.get('#react-burger-menu-btn').click();\ncy.get('#inventory_sidebar_link').should('be.visible');\ncy.get('#about_sidebar_link').should('be.visible');\ncy.get('#logout_sidebar_link').should('be.visible');\ncy.get('#reset_sidebar_link').should('be.visible');\ncy.get('#react-burger-cross-btn').click();\ncy.get('[data-test=\"product_sort_container\"]').should('be.visible');\ncy.get('.shopping_cart_link').should('be.visible');\ncy.scrollTo('bottom');\ncy.get('.social_twitter > a').should('be.visible');\ncy.get('.social_facebook > a').should('be.visible');\ncy.get('.social_linkedin > a').should('be.visible');",
              "err": {},
              "uuid": "ff7d7969-722f-4812-9ea0-cab1925a8287",
              "parentUUID": "70c632f3-bd3b-4ab3-ac2e-7b797865776a",
              "isHook": false,
              "skipped": false
            }
          ],
          "suites": [],
          "passes": [
            "65ec9276-dc16-47aa-aec5-ee1d83bdb7e9",
            "d0e86e45-9a27-41d3-879d-dce0c79463f6",
            "baa85f74-aa7f-4c8d-9458-92869451afbd",
            "4f20e7e5-1a4f-4d83-8198-44a5c12721f1",
            "ff7d7969-722f-4812-9ea0-cab1925a8287"
          ],
          "failures": [],
          "pending": [],
          "skipped": [],
          "duration": 17533,
          "root": false,
          "rootEmpty": false,
          "_timeout": 2000
        }
      ],
      "passes": [],
      "failures": [],
      "pending": [],
      "skipped": [],
      "duration": 0,
      "root": true,
      "rootEmpty": true,
      "_timeout": 2000
    }
  ],
  "meta": {
    "mocha": {
      "version": "7.0.1"
    },
    "mochawesome": {
      "options": {
        "quiet": false,
        "reportFilename": "mochawesome",
        "saveHtml": true,
        "saveJson": true,
        "consoleReporter": "spec",
        "useInlineDiffs": false,
        "code": true
      },
      "version": "7.1.3"
    },
    "marge": {
      "options": null,
      "version": "6.2.0"
    }
  }
}